2018-12-28 12:39:54 [main] INFO  c.c.h.p.ppm.services.app.Application - Starting Application on LP-PC0XLGYT with PID 13856 (C:\workspace\ppm-services\target\classes started by karthikeyan_n in C:\workspace\ppm-services)
2018-12-28 12:39:54 [main] DEBUG c.c.h.p.ppm.services.app.Application - Running with Spring Boot v2.0.5.RELEASE, Spring v5.0.9.RELEASE
2018-12-28 12:39:54 [main] INFO  c.c.h.p.ppm.services.app.Application - No active profile set, falling back to default profiles: default
2018-12-28 12:39:55 [main] INFO  o.s.b.w.s.c.AnnotationConfigServletWebServerApplicationContext - Refreshing org.springframework.boot.web.servlet.context.AnnotationConfigServletWebServerApplicationContext@3e2e18f2: startup date [Fri Dec 28 12:39:55 CST 2018]; root of context hierarchy
2018-12-28 12:39:55 [main] INFO  o.s.b.f.s.DefaultListableBeanFactory - Overriding bean definition for bean 'corDatasource' with a different definition: replacing [Root bean: class [null]; scope=; abstract=false; lazyInit=false; autowireMode=3; dependencyCheck=0; autowireCandidate=true; primary=false; factoryBeanName=dataSource_COR; factoryMethodName=corDatasource; initMethodName=null; destroyMethodName=(inferred); defined in class path resource [com/cft/hogan/platform/ppm/services/config/datasource/DataSource_COR.class]] with [Root bean: class [null]; scope=; abstract=false; lazyInit=false; autowireMode=3; dependencyCheck=0; autowireCandidate=true; primary=false; factoryBeanName=dataSource_PASCOR; factoryMethodName=corDatasource; initMethodName=null; destroyMethodName=(inferred); defined in class path resource [com/cft/hogan/platform/ppm/services/config/datasource/DataSource_PASCOR.class]]
2018-12-28 12:39:55 [main] INFO  o.s.b.f.s.DefaultListableBeanFactory - Overriding bean definition for bean 'tdaDatasource' with a different definition: replacing [Root bean: class [null]; scope=; abstract=false; lazyInit=false; autowireMode=3; dependencyCheck=0; autowireCandidate=true; primary=false; factoryBeanName=dataSource_PASTDA; factoryMethodName=tdaDatasource; initMethodName=null; destroyMethodName=(inferred); defined in class path resource [com/cft/hogan/platform/ppm/services/config/datasource/DataSource_PASTDA.class]] with [Root bean: class [null]; scope=; abstract=false; lazyInit=false; autowireMode=3; dependencyCheck=0; autowireCandidate=true; primary=false; factoryBeanName=dataSource_TDA; factoryMethodName=tdaDatasource; initMethodName=null; destroyMethodName=(inferred); defined in class path resource [com/cft/hogan/platform/ppm/services/config/datasource/DataSource_TDA.class]]
2018-12-28 12:39:56 [main] INFO  o.s.c.s.PostProcessorRegistrationDelegate$BeanPostProcessorChecker - Bean 'org.springframework.transaction.annotation.ProxyTransactionManagementConfiguration' of type [org.springframework.transaction.annotation.ProxyTransactionManagementConfiguration$$EnhancerBySpringCGLIB$$504b6e8f] is not eligible for getting processed by all BeanPostProcessors (for example: not eligible for auto-proxying)
2018-12-28 12:39:56 [main] INFO  o.s.c.s.PostProcessorRegistrationDelegate$BeanPostProcessorChecker - Bean 'org.springframework.hateoas.config.HateoasConfiguration' of type [org.springframework.hateoas.config.HateoasConfiguration$$EnhancerBySpringCGLIB$$cfcbbbc1] is not eligible for getting processed by all BeanPostProcessors (for example: not eligible for auto-proxying)
2018-12-28 12:39:56 [main] INFO  o.s.b.w.e.tomcat.TomcatWebServer - Tomcat initialized with port(s): 8080 (http)
2018-12-28 12:39:56 [main] INFO  o.a.coyote.http11.Http11NioProtocol - Initializing ProtocolHandler ["http-nio-8080"]
2018-12-28 12:39:56 [main] INFO  o.a.catalina.core.StandardService - Starting service [Tomcat]
2018-12-28 12:39:56 [main] INFO  o.a.catalina.core.StandardEngine - Starting Servlet Engine: Apache Tomcat/8.5.34
2018-12-28 12:39:56 [localhost-startStop-1] INFO  o.a.c.core.AprLifecycleListener - The APR based Apache Tomcat Native library which allows optimal performance in production environments was not found on the java.library.path: [C:\Program Files\Java\jre1.8.0_191\bin;C:\WINDOWS\Sun\Java\bin;C:\WINDOWS\system32;C:\WINDOWS;C:/Program Files/Java/jre1.8.0_191/bin/server;C:/Program Files/Java/jre1.8.0_191/bin;C:/Program Files/Java/jre1.8.0_191/lib/amd64;C:\Program Files (x86)\Common Files\Oracle\Java\javapath;C:\WINDOWS\system32;C:\WINDOWS;C:\WINDOWS\System32\Wbem;C:\WINDOWS\System32\WindowsPowerShell\v1.0\;C:\Windows\CCM;C:\Program Files\Java\jdk1.8.0_191\;C:\Program Files\apache-maven-3.5.4\bin;C:\Program Files\Git\cmd;C:\Program Files\Microsoft SQL Server\130\Tools\Binn\;C:\Program Files\nodejs\;C:\Users\karthikeyan_n\AppData\Local\Microsoft\WindowsApps;C:\Users\karthikeyan_n\AppData\Roaming\npm;C:\Users\karthikeyan_n\AppData\Local\GitHubDesktop\bin;C:\Program Files\sts-bundle\sts-4.0.1.RELEASE;;.]
2018-12-28 12:39:56 [localhost-startStop-1] INFO  o.a.c.c.C.[Tomcat].[localhost].[/] - Initializing Spring embedded WebApplicationContext
2018-12-28 12:39:56 [localhost-startStop-1] INFO  o.s.web.context.ContextLoader - Root WebApplicationContext: initialization completed in 1888 ms
2018-12-28 12:39:57 [localhost-startStop-1] INFO  o.s.b.w.s.FilterRegistrationBean - Mapping filter: 'characterEncodingFilter' to: [/*]
2018-12-28 12:39:57 [localhost-startStop-1] INFO  o.s.b.w.s.FilterRegistrationBean - Mapping filter: 'hiddenHttpMethodFilter' to: [/*]
2018-12-28 12:39:57 [localhost-startStop-1] INFO  o.s.b.w.s.FilterRegistrationBean - Mapping filter: 'httpPutFormContentFilter' to: [/*]
2018-12-28 12:39:57 [localhost-startStop-1] INFO  o.s.b.w.s.FilterRegistrationBean - Mapping filter: 'requestContextFilter' to: [/*]
2018-12-28 12:39:57 [localhost-startStop-1] INFO  o.s.b.w.s.DelegatingFilterProxyRegistrationBean - Mapping filter: 'springSecurityFilterChain' to: [/*]
2018-12-28 12:39:57 [localhost-startStop-1] INFO  o.s.b.w.s.ServletRegistrationBean - Servlet dispatcherServlet mapped to [/]
2018-12-28 12:39:57 [main] INFO  o.s.j.d.DriverManagerDataSource - Loaded JDBC driver: com.microsoft.sqlserver.jdbc.SQLServerDriver
2018-12-28 12:39:57 [main] INFO  o.s.o.j.LocalContainerEntityManagerFactoryBean - Building JPA container EntityManagerFactory for persistence unit 'DATASOURCE_COR'
2018-12-28 12:39:57 [main] INFO  o.h.jpa.internal.util.LogHelper - HHH000204: Processing PersistenceUnitInfo [
	name: DATASOURCE_COR
	...]
2018-12-28 12:39:57 [main] INFO  org.hibernate.Version - HHH000412: Hibernate Core {5.2.17.Final}
2018-12-28 12:39:57 [main] INFO  org.hibernate.cfg.Environment - HHH000206: hibernate.properties not found
2018-12-28 12:39:57 [main] INFO  o.h.annotations.common.Version - HCANN000001: Hibernate Commons Annotations {5.0.1.Final}
2018-12-28 12:39:58 [main] INFO  org.hibernate.dialect.Dialect - HHH000400: Using dialect: org.hibernate.dialect.SQLServerDialect
2018-12-28 12:39:59 [main] INFO  o.s.o.j.LocalContainerEntityManagerFactoryBean - Initialized JPA EntityManagerFactory for persistence unit 'DATASOURCE_COR'
2018-12-28 12:39:59 [main] INFO  o.s.o.j.LocalContainerEntityManagerFactoryBean - Building JPA container EntityManagerFactory for persistence unit 'DATASOURCE_COR'
2018-12-28 12:39:59 [main] INFO  o.h.jpa.internal.util.LogHelper - HHH000204: Processing PersistenceUnitInfo [
	name: DATASOURCE_COR
	...]
2018-12-28 12:39:59 [main] INFO  org.hibernate.dialect.Dialect - HHH000400: Using dialect: org.hibernate.dialect.SQLServerDialect
2018-12-28 12:40:00 [main] INFO  o.s.o.j.LocalContainerEntityManagerFactoryBean - Initialized JPA EntityManagerFactory for persistence unit 'DATASOURCE_COR'
2018-12-28 12:40:00 [main] INFO  o.s.o.j.LocalContainerEntityManagerFactoryBean - Building JPA container EntityManagerFactory for persistence unit 'DATASOURCE_PASCOR'
2018-12-28 12:40:00 [main] INFO  o.h.jpa.internal.util.LogHelper - HHH000204: Processing PersistenceUnitInfo [
	name: DATASOURCE_PASCOR
	...]
2018-12-28 12:40:00 [main] INFO  org.hibernate.dialect.Dialect - HHH000400: Using dialect: org.hibernate.dialect.SQLServerDialect
2018-12-28 12:40:01 [main] INFO  o.s.o.j.LocalContainerEntityManagerFactoryBean - Initialized JPA EntityManagerFactory for persistence unit 'DATASOURCE_PASCOR'
2018-12-28 12:40:01 [main] INFO  o.s.o.j.LocalContainerEntityManagerFactoryBean - Building JPA container EntityManagerFactory for persistence unit 'DATASOURCE_PASCOR'
2018-12-28 12:40:01 [main] INFO  o.h.jpa.internal.util.LogHelper - HHH000204: Processing PersistenceUnitInfo [
	name: DATASOURCE_PASCOR
	...]
2018-12-28 12:40:01 [main] INFO  org.hibernate.dialect.Dialect - HHH000400: Using dialect: org.hibernate.dialect.SQLServerDialect
2018-12-28 12:40:01 [main] INFO  o.s.o.j.LocalContainerEntityManagerFactoryBean - Initialized JPA EntityManagerFactory for persistence unit 'DATASOURCE_PASCOR'
2018-12-28 12:40:01 [main] INFO  o.s.j.d.DriverManagerDataSource - Loaded JDBC driver: com.microsoft.sqlserver.jdbc.SQLServerDriver
2018-12-28 12:40:02 [main] INFO  o.s.o.j.LocalContainerEntityManagerFactoryBean - Building JPA container EntityManagerFactory for persistence unit 'DATASOURCE_PASTDA'
2018-12-28 12:40:02 [main] INFO  o.h.jpa.internal.util.LogHelper - HHH000204: Processing PersistenceUnitInfo [
	name: DATASOURCE_PASTDA
	...]
2018-12-28 12:40:02 [main] INFO  org.hibernate.dialect.Dialect - HHH000400: Using dialect: org.hibernate.dialect.SQLServerDialect
2018-12-28 12:40:02 [main] INFO  o.s.o.j.LocalContainerEntityManagerFactoryBean - Initialized JPA EntityManagerFactory for persistence unit 'DATASOURCE_PASTDA'
2018-12-28 12:40:02 [main] INFO  o.s.o.j.LocalContainerEntityManagerFactoryBean - Building JPA container EntityManagerFactory for persistence unit 'DATASOURCE_PASTDA'
2018-12-28 12:40:02 [main] INFO  o.h.jpa.internal.util.LogHelper - HHH000204: Processing PersistenceUnitInfo [
	name: DATASOURCE_PASTDA
	...]
2018-12-28 12:40:03 [main] INFO  org.hibernate.dialect.Dialect - HHH000400: Using dialect: org.hibernate.dialect.SQLServerDialect
2018-12-28 12:40:03 [main] INFO  o.s.o.j.LocalContainerEntityManagerFactoryBean - Initialized JPA EntityManagerFactory for persistence unit 'DATASOURCE_PASTDA'
2018-12-28 12:40:03 [main] INFO  o.s.o.j.LocalContainerEntityManagerFactoryBean - Building JPA container EntityManagerFactory for persistence unit 'DATASOURCE_TDA'
2018-12-28 12:40:03 [main] INFO  o.h.jpa.internal.util.LogHelper - HHH000204: Processing PersistenceUnitInfo [
	name: DATASOURCE_TDA
	...]
2018-12-28 12:40:04 [main] INFO  org.hibernate.dialect.Dialect - HHH000400: Using dialect: org.hibernate.dialect.SQLServerDialect
2018-12-28 12:40:04 [main] INFO  o.s.o.j.LocalContainerEntityManagerFactoryBean - Initialized JPA EntityManagerFactory for persistence unit 'DATASOURCE_TDA'
2018-12-28 12:40:04 [main] INFO  o.s.o.j.LocalContainerEntityManagerFactoryBean - Building JPA container EntityManagerFactory for persistence unit 'DATASOURCE_TDA'
2018-12-28 12:40:04 [main] INFO  o.h.jpa.internal.util.LogHelper - HHH000204: Processing PersistenceUnitInfo [
	name: DATASOURCE_TDA
	...]
2018-12-28 12:40:05 [main] INFO  org.hibernate.dialect.Dialect - HHH000400: Using dialect: org.hibernate.dialect.SQLServerDialect
2018-12-28 12:40:05 [main] INFO  o.s.o.j.LocalContainerEntityManagerFactoryBean - Initialized JPA EntityManagerFactory for persistence unit 'DATASOURCE_TDA'
2018-12-28 12:40:05 [main] INFO  o.s.w.s.h.SimpleUrlHandlerMapping - Mapped URL path [/**/favicon.ico] onto handler of type [class org.springframework.web.servlet.resource.ResourceHttpRequestHandler]
2018-12-28 12:40:06 [main] INFO  o.s.w.s.m.m.a.RequestMappingHandlerAdapter - Looking for @ControllerAdvice: org.springframework.boot.web.servlet.context.AnnotationConfigServletWebServerApplicationContext@3e2e18f2: startup date [Fri Dec 28 12:39:55 CST 2018]; root of context hierarchy
2018-12-28 12:40:06 [main] INFO  o.s.w.s.m.m.a.RequestMappingHandlerMapping - Mapped "{[/v1/parameter/mass-maintenance/applications],methods=[GET]}" onto public org.springframework.http.ResponseEntity<java.lang.Object> com.cft.hogan.platform.ppm.services.massmaintenance.controller.ApplicationController.get()
2018-12-28 12:40:06 [main] INFO  o.s.w.s.m.m.a.RequestMappingHandlerMapping - Mapped "{[/v1/parameter/mass-maintenance/parameters/{id}/companies],methods=[GET]}" onto public org.springframework.http.ResponseEntity<java.lang.Object> com.cft.hogan.platform.ppm.services.massmaintenance.controller.CompanyController.findByID(java.lang.String)
2018-12-28 12:40:06 [main] INFO  o.s.w.s.m.m.a.RequestMappingHandlerMapping - Mapped "{[/v1/parameter/mass-maintenance/exports],methods=[POST]}" onto public org.springframework.http.ResponseEntity<byte[]> com.cft.hogan.platform.ppm.services.massmaintenance.controller.ExportController.getFile(com.cft.hogan.platform.ppm.services.massmaintenance.bean.ExportTaskBean)
2018-12-28 12:40:06 [main] INFO  o.s.w.s.m.m.a.RequestMappingHandlerMapping - Mapped "{[/v1/parameter/mass-maintenance/imports],methods=[POST]}" onto public org.springframework.hateoas.Resource<com.cft.hogan.platform.ppm.services.massmaintenance.bean.ImportTaskBean> com.cft.hogan.platform.ppm.services.massmaintenance.controller.ImportTaskController.save(java.lang.String,java.lang.String,org.springframework.web.multipart.MultipartFile)
2018-12-28 12:40:06 [main] INFO  o.s.w.s.m.m.a.RequestMappingHandlerMapping - Mapped "{[/v1/parameter/mass-maintenance/imports/{id}],methods=[PUT]}" onto public org.springframework.http.ResponseEntity<java.lang.Object> com.cft.hogan.platform.ppm.services.massmaintenance.controller.ImportTaskController.reload(java.lang.String,org.springframework.web.multipart.MultipartFile)
2018-12-28 12:40:06 [main] INFO  o.s.w.s.m.m.a.RequestMappingHandlerMapping - Mapped "{[/v1/parameter/mass-maintenance/imports],methods=[GET]}" onto public org.springframework.hateoas.Resources<org.springframework.hateoas.Resource<com.cft.hogan.platform.ppm.services.massmaintenance.bean.ImportTaskBean>> com.cft.hogan.platform.ppm.services.massmaintenance.controller.ImportTaskController.findAll(java.lang.String)
2018-12-28 12:40:06 [main] INFO  o.s.w.s.m.m.a.RequestMappingHandlerMapping - Mapped "{[/v1/parameter/mass-maintenance/imports/{id}],methods=[DELETE]}" onto public org.springframework.http.ResponseEntity<?> com.cft.hogan.platform.ppm.services.massmaintenance.controller.ImportTaskController.deleteTask(java.lang.String)
2018-12-28 12:40:06 [main] INFO  o.s.w.s.m.m.a.RequestMappingHandlerMapping - Mapped "{[/v1/parameter/mass-maintenance/imports/{id}],methods=[GET]}" onto public org.springframework.hateoas.Resource<com.cft.hogan.platform.ppm.services.massmaintenance.bean.ImportTaskBean> com.cft.hogan.platform.ppm.services.massmaintenance.controller.ImportTaskController.findByUUID(java.lang.String)
2018-12-28 12:40:06 [main] INFO  o.s.w.s.m.m.a.RequestMappingHandlerMapping - Mapped "{[/v1/parameter/mass-maintenance/applications/{applicationID}/parameters],methods=[GET]}" onto public org.springframework.http.ResponseEntity<java.lang.Object> com.cft.hogan.platform.ppm.services.massmaintenance.controller.ParameterController.get(java.lang.String)
2018-12-28 12:40:06 [main] INFO  o.s.w.s.m.m.a.RequestMappingHandlerMapping - Mapped "{[/v1/parameter/mass-maintenance/schedules/{id}],methods=[PUT]}" onto public org.springframework.hateoas.Resource<com.cft.hogan.platform.ppm.services.massmaintenance.bean.ScheduleBean> com.cft.hogan.platform.ppm.services.massmaintenance.controller.ScheduleController.update(java.lang.String,com.cft.hogan.platform.ppm.services.massmaintenance.bean.ScheduleBean)
2018-12-28 12:40:06 [main] INFO  o.s.w.s.m.m.a.RequestMappingHandlerMapping - Mapped "{[/v1/parameter/mass-maintenance/schedules],methods=[POST]}" onto public org.springframework.hateoas.Resource<com.cft.hogan.platform.ppm.services.massmaintenance.bean.ScheduleBean> com.cft.hogan.platform.ppm.services.massmaintenance.controller.ScheduleController.save(com.cft.hogan.platform.ppm.services.massmaintenance.bean.ScheduleBean)
2018-12-28 12:40:06 [main] INFO  o.s.w.s.m.m.a.RequestMappingHandlerMapping - Mapped "{[/v1/parameter/mass-maintenance/schedules/batch],methods=[GET]}" onto public java.util.List<com.cft.hogan.platform.ppm.services.massmaintenance.bean.ScheduleBatchBean> com.cft.hogan.platform.ppm.services.massmaintenance.controller.ScheduleController.batch(java.lang.String,java.sql.Date)
2018-12-28 12:40:06 [main] INFO  o.s.w.s.m.m.a.RequestMappingHandlerMapping - Mapped "{[/v1/parameter/mass-maintenance/schedules],methods=[GET]}" onto public org.springframework.hateoas.Resources<org.springframework.hateoas.Resource<com.cft.hogan.platform.ppm.services.massmaintenance.bean.ScheduleBean>> com.cft.hogan.platform.ppm.services.massmaintenance.controller.ScheduleController.findAll(java.lang.String)
2018-12-28 12:40:06 [main] INFO  o.s.w.s.m.m.a.RequestMappingHandlerMapping - Mapped "{[/v1/parameter/mass-maintenance/schedules/{id}],methods=[DELETE]}" onto public org.springframework.http.ResponseEntity<?> com.cft.hogan.platform.ppm.services.massmaintenance.controller.ScheduleController.deleteTask(java.lang.String)
2018-12-28 12:40:06 [main] INFO  o.s.w.s.m.m.a.RequestMappingHandlerMapping - Mapped "{[/v1/parameter/mass-maintenance/schedules/{id}],methods=[GET]}" onto public org.springframework.hateoas.Resource<com.cft.hogan.platform.ppm.services.massmaintenance.bean.ScheduleBean> com.cft.hogan.platform.ppm.services.massmaintenance.controller.ScheduleController.findByUUID(java.lang.String)
2018-12-28 12:40:06 [main] INFO  o.s.w.s.m.m.a.RequestMappingHandlerMapping - Mapped "{[/v1/parameter/mass-maintenance/templates/{id}],methods=[PUT]}" onto public org.springframework.hateoas.Resource<com.cft.hogan.platform.ppm.services.massmaintenance.bean.TemplateBean> com.cft.hogan.platform.ppm.services.massmaintenance.controller.TemplateController.update(java.lang.String,com.cft.hogan.platform.ppm.services.massmaintenance.bean.TemplateBean)
2018-12-28 12:40:06 [main] INFO  o.s.w.s.m.m.a.RequestMappingHandlerMapping - Mapped "{[/v1/parameter/mass-maintenance/templates/{id}],methods=[DELETE]}" onto public org.springframework.http.ResponseEntity<?> com.cft.hogan.platform.ppm.services.massmaintenance.controller.TemplateController.delete(java.lang.String)
2018-12-28 12:40:06 [main] INFO  o.s.w.s.m.m.a.RequestMappingHandlerMapping - Mapped "{[/v1/parameter/mass-maintenance/templates],methods=[POST]}" onto public org.springframework.hateoas.Resource<com.cft.hogan.platform.ppm.services.massmaintenance.bean.TemplateBean> com.cft.hogan.platform.ppm.services.massmaintenance.controller.TemplateController.save(com.cft.hogan.platform.ppm.services.massmaintenance.bean.TemplateBean)
2018-12-28 12:40:06 [main] INFO  o.s.w.s.m.m.a.RequestMappingHandlerMapping - Mapped "{[/v1/parameter/mass-maintenance/templates],methods=[GET]}" onto public org.springframework.hateoas.Resources<org.springframework.hateoas.Resource<com.cft.hogan.platform.ppm.services.massmaintenance.bean.TemplateBean>> com.cft.hogan.platform.ppm.services.massmaintenance.controller.TemplateController.findAll()
2018-12-28 12:40:06 [main] INFO  o.s.w.s.m.m.a.RequestMappingHandlerMapping - Mapped "{[/v1/parameter/mass-maintenance/templates/{id}],methods=[GET]}" onto public org.springframework.hateoas.Resource<com.cft.hogan.platform.ppm.services.massmaintenance.bean.TemplateBean> com.cft.hogan.platform.ppm.services.massmaintenance.controller.TemplateController.findByUUID(java.lang.String)
2018-12-28 12:40:06 [main] INFO  o.s.w.s.m.m.a.RequestMappingHandlerMapping - Mapped "{[/v1/parameter/mass-maintenance/user/token],methods=[DELETE]}" onto public org.springframework.http.ResponseEntity<java.lang.Object> com.cft.hogan.platform.ppm.services.massmaintenance.controller.TokenController.logOut()
2018-12-28 12:40:06 [main] INFO  o.s.w.s.m.m.a.RequestMappingHandlerMapping - Mapped "{[/v1/parameter/mass-maintenance/user/token],methods=[GET]}" onto public org.springframework.http.ResponseEntity<java.lang.Object> com.cft.hogan.platform.ppm.services.massmaintenance.controller.TokenController.getUser()
2018-12-28 12:40:06 [main] INFO  o.s.w.s.m.m.a.RequestMappingHandlerMapping - Mapped "{[/v1/parameter/mass-maintenance/user/token],methods=[POST]}" onto public org.springframework.http.ResponseEntity<java.lang.Object> com.cft.hogan.platform.ppm.services.massmaintenance.controller.TokenController.getToken()
2018-12-28 12:40:06 [main] INFO  o.s.w.s.m.m.a.RequestMappingHandlerMapping - Mapped "{[/error]}" onto public org.springframework.http.ResponseEntity<java.util.Map<java.lang.String, java.lang.Object>> org.springframework.boot.autoconfigure.web.servlet.error.BasicErrorController.error(javax.servlet.http.HttpServletRequest)
2018-12-28 12:40:06 [main] INFO  o.s.w.s.m.m.a.RequestMappingHandlerMapping - Mapped "{[/error],produces=[text/html]}" onto public org.springframework.web.servlet.ModelAndView org.springframework.boot.autoconfigure.web.servlet.error.BasicErrorController.errorHtml(javax.servlet.http.HttpServletRequest,javax.servlet.http.HttpServletResponse)
2018-12-28 12:40:06 [main] INFO  o.s.w.s.h.SimpleUrlHandlerMapping - Mapped URL path [/webjars/**] onto handler of type [class org.springframework.web.servlet.resource.ResourceHttpRequestHandler]
2018-12-28 12:40:06 [main] INFO  o.s.w.s.h.SimpleUrlHandlerMapping - Mapped URL path [/**] onto handler of type [class org.springframework.web.servlet.resource.ResourceHttpRequestHandler]
2018-12-28 12:40:06 [main] INFO  o.s.w.s.m.m.a.ExceptionHandlerExceptionResolver - Detected @ExceptionHandler methods in exceptionAdvice
2018-12-28 12:40:06 [main] INFO  o.s.l.c.s.AbstractContextSource - Property 'userDn' not set - anonymous context will be used for read-write operations
2018-12-28 12:40:06 [main] INFO  o.s.s.l.DefaultSpringSecurityContextSource -  URL 'ldap://localhost:8389/dc=springframework,dc=org', root DN is 'dc=springframework,dc=org'
2018-12-28 12:40:06 [main] INFO  o.s.l.c.s.AbstractContextSource - Property 'userDn' not set - anonymous context will be used for read-write operations
2018-12-28 12:40:06 [main] INFO  o.s.s.web.DefaultSecurityFilterChain - Creating filter chain: org.springframework.security.web.util.matcher.AnyRequestMatcher@1, [org.springframework.security.web.context.request.async.WebAsyncManagerIntegrationFilter@3a2546d6, org.springframework.security.web.context.SecurityContextPersistenceFilter@410fc508, org.springframework.security.web.header.HeaderWriterFilter@37b01ce2, org.springframework.web.filter.CorsFilter@7282af25, org.springframework.security.web.authentication.logout.LogoutFilter@250967f1, org.springframework.security.web.authentication.www.BasicAuthenticationFilter@274fdea6, org.springframework.security.web.savedrequest.RequestCacheAwareFilter@4f5c30b1, org.springframework.security.web.servletapi.SecurityContextHolderAwareRequestFilter@2eb1c615, org.springframework.security.web.authentication.AnonymousAuthenticationFilter@7661e474, org.springframework.security.web.session.SessionManagementFilter@35e74e08, org.springframework.security.web.access.ExceptionTranslationFilter@55c1ced9, org.springframework.security.web.access.intercept.FilterSecurityInterceptor@7f6b7426]
2018-12-28 12:40:06 [main] INFO  o.s.j.e.a.AnnotationMBeanExporter - Registering beans for JMX exposure on startup
2018-12-28 12:40:06 [main] INFO  o.a.coyote.http11.Http11NioProtocol - Starting ProtocolHandler ["http-nio-8080"]
2018-12-28 12:40:06 [main] INFO  o.a.tomcat.util.net.NioSelectorPool - Using a shared selector for servlet write/read
2018-12-28 12:40:06 [main] INFO  o.s.b.w.e.tomcat.TomcatWebServer - Tomcat started on port(s): 8080 (http) with context path ''
2018-12-28 12:40:06 [main] INFO  c.c.h.p.ppm.services.app.Application - Started Application in 12.055 seconds (JVM running for 13.4)
2018-12-28 12:40:06 [main] INFO  c.c.h.p.p.s.c.context.SystemContext - ========================================
2018-12-28 12:40:06 [main] INFO  c.c.h.p.p.s.c.context.SystemContext -  System context details
2018-12-28 12:40:06 [main] INFO  c.c.h.p.p.s.c.context.SystemContext - ========================================
2018-12-28 12:40:06 [main] INFO  c.c.h.p.p.s.c.context.SystemContext - Environment :test
2018-12-28 12:40:06 [main] INFO  c.c.h.p.p.s.c.context.SystemContext - PCD Service End Points -COR :http://20.17.189.77:8161/Celeriti/CeleritiPcd
2018-12-28 12:40:06 [main] INFO  c.c.h.p.p.s.c.context.SystemContext - PCD Service End Points -TDA :http://20.17.189.77:8165/Celeriti/CeleritiPcd
2018-12-28 12:40:06 [main] INFO  c.c.h.p.p.s.c.context.SystemContext - PCD Service End Points -PASCOR :http://20.17.189.77:8162/Celeriti/CeleritiPcd
2018-12-28 12:40:06 [main] INFO  c.c.h.p.p.s.c.context.SystemContext - PCD Service End Points -PASTDA :http://20.17.189.77:8164/Celeriti/CeleritiPcd
2018-12-28 12:40:06 [main] INFO  c.c.h.p.p.s.c.context.SystemContext - PCD Service End Points -Update records size :1000
2018-12-28 12:40:06 [main] INFO  c.c.h.p.p.s.c.context.SystemContext - Database -COR :jdbc:sqlserver://cscvappnor088.fsg.amer.csc.com;DatabaseName=PPMCOR;instance=SQLSERVER;encrypt=true;TrustServerCertificate=true;
2018-12-28 12:40:06 [main] INFO  c.c.h.p.p.s.c.context.SystemContext - Database -TDA :jdbc:sqlserver://cscvappnor088.fsg.amer.csc.com;DatabaseName=PPMTDA;instance=SQLSERVER;encrypt=true;TrustServerCertificate=true;
2018-12-28 12:40:06 [main] INFO  c.c.h.p.p.s.c.context.SystemContext - Database -PASCOR :jdbc:sqlserver://cscvappnor088.fsg.amer.csc.com;DatabaseName=PPMCOR;instance=SQLSERVER;encrypt=true;TrustServerCertificate=true;
2018-12-28 12:40:06 [main] INFO  c.c.h.p.p.s.c.context.SystemContext - Database -PASTDA :jdbc:sqlserver://cscvappnor088.fsg.amer.csc.com;DatabaseName=PPMTDA;instance=SQLSERVER;encrypt=true;TrustServerCertificate=true;
2018-12-28 12:40:06 [main] INFO  c.c.h.p.p.s.c.context.SystemContext - Database batch update size :20
2018-12-28 12:40:06 [main] INFO  c.c.h.p.p.s.c.context.SystemContext - ========================================
2018-12-28 12:40:32 [http-nio-8080-exec-1] INFO  o.a.c.c.C.[Tomcat].[localhost].[/] - Initializing Spring FrameworkServlet 'dispatcherServlet'
2018-12-28 12:40:32 [http-nio-8080-exec-1] INFO  o.s.web.servlet.DispatcherServlet - FrameworkServlet 'dispatcherServlet': initialization started
2018-12-28 12:40:32 [http-nio-8080-exec-1] INFO  o.s.web.servlet.DispatcherServlet - FrameworkServlet 'dispatcherServlet': initialization completed in 32 ms
